<?xml version="1.0" encoding="UTF-8"?>
<!-- Generated by org.testng.reporters.JUnitXMLReporter -->
<testsuite hostname="Yerramsetty" name="Default test" tests="2" failures="0" timestamp="29 Apr 2020 00:25:32 GMT" time="7.893" errors="0">
  <testcase name="getdriver" time="7.859" classname="com.acti.Pages.LoginPageElements"/>
  <testcase name="validatelogin" time="0.0" classname="com.acti.Pages.LoginPageElements">
    <skipped/>
  </testcase> <!-- validatelogin -->
</testsuite> <!-- Default test -->
