<?xml version="1.0" encoding="UTF-8"?>
<testng-results skipped="0" failed="0" total="1" passed="1">
  <reporter-output>
  </reporter-output>
  <suite name="Default suite" duration-ms="27276" started-at="2020-05-01T13:02:03Z" finished-at="2020-05-01T13:02:30Z">
    <groups>
    </groups>
    <test name="Default test" duration-ms="27276" started-at="2020-05-01T13:02:03Z" finished-at="2020-05-01T13:02:30Z">
      <class name="com.acti.testCase.TestDeleteCustomer">
        <test-method status="PASS" signature="preTest()[pri:0, instance:com.acti.testCase.TestDeleteCustomer@68c4039c]" name="preTest" is-config="true" duration-ms="12660" started-at="2020-05-01T09:02:03Z" finished-at="2020-05-01T09:02:16Z">
          <reporter-output>
          </reporter-output>
        </test-method> <!-- preTest -->
        <test-method status="PASS" signature="DeleteCustomer()[pri:0, instance:com.acti.testCase.TestDeleteCustomer@68c4039c]" name="DeleteCustomer" duration-ms="10177" started-at="2020-05-01T09:02:16Z" finished-at="2020-05-01T09:02:26Z">
          <reporter-output>
          </reporter-output>
        </test-method> <!-- DeleteCustomer -->
        <test-method status="PASS" signature="postTest()[pri:0, instance:com.acti.testCase.TestDeleteCustomer@68c4039c]" name="postTest" is-config="true" duration-ms="4417" started-at="2020-05-01T09:02:26Z" finished-at="2020-05-01T09:02:30Z">
          <reporter-output>
          </reporter-output>
        </test-method> <!-- postTest -->
      </class> <!-- com.acti.testCase.TestDeleteCustomer -->
    </test> <!-- Default test -->
  </suite> <!-- Default suite -->
</testng-results>
